#0 building with "default" instance using docker driver

#1 [internal] load build definition from Dockerfile
#1 transferring dockerfile: 443B done
#1 WARN: FromPlatformFlagConstDisallowed: FROM --platform flag should not use constant value "amd64" (line 1)
#1 DONE 0.0s

#2 [auth] library/archlinux:pull token for registry-1.docker.io
#2 DONE 0.0s

#3 [internal] load metadata for docker.io/library/archlinux:latest
#3 DONE 0.2s

#4 [internal] load .dockerignore
#4 transferring context: 2B done
#4 DONE 0.0s

#5 [ 1/10] FROM docker.io/library/archlinux:latest@sha256:c136b06a4f786b84c1cc0d2494fabdf9be8811d15051cd4404deb5c3dc0b2e57
#5 DONE 0.0s

#6 [internal] load build context
#6 transferring context: 10.36MB 0.3s done
#6 DONE 0.4s

#7 [ 5/10] RUN pacman -Syyu git --noconfirm
#7 CACHED

#8 [ 2/10] RUN pacman -Syyu base-devel --noconfirm
#8 CACHED

#9 [ 4/10] RUN pacman -Syyu arm-none-eabi-newlib --noconfirm
#9 CACHED

#10 [ 6/10] RUN pacman -Syyu python-pip --noconfirm
#10 CACHED

#11 [ 7/10] RUN pacman -Syyu python-crcmod --noconfirm
#11 CACHED

#12 [ 3/10] RUN pacman -Syyu arm-none-eabi-gcc --noconfirm
#12 CACHED

#13 [ 8/10] WORKDIR /app
#13 CACHED

#14 [ 9/10] COPY . .
#14 DONE 3.0s

#15 [10/10] RUN git submodule update --init --recursive
#15 DONE 0.2s

#16 exporting to image
#16 exporting layers
#16 exporting layers 2.9s done
#16 writing image sha256:74f290ad7024b1140799fec5bd622b7cb47682f9b1044c14bf858fb06ccb5335 done
#16 naming to docker.io/library/uvk5 done
#16 DONE 2.9s

 [33m1 warning found (use docker --debug to expand):
[0m - FromPlatformFlagConstDisallowed: FROM --platform flag should not use constant value "amd64" (line 1)
make: Nothing to be done for 'all'.
