CC external/printf/printf.c
CC init.c
CC driver/adc.c
CC driver/backlight.c
CC driver/bk4819.c
CC driver/eeprom.c
CC driver/gpio.c
CC driver/i2c.c
CC driver/keyboard.c
CC driver/spi.c
CC driver/st7565.c
CC driver/system.c
CC driver/systick.c
CC app/action.c
CC app/app.c
CC app/chFrScanner.c
CC app/common.c
CC app/dtmf.c
CC app/generic.c
CC app/main.c
CC app/menu.c
CC app/scanner.c
CC audio.c
CC bitmaps.c
CC board.c
CC dcs.c
CC font.c
CC frequencies.c
CC functions.c
CC helper/battery.c
CC helper/boot.c
CC misc.c
CC radio.c
CC scheduler.c
CC settings.c
CC ui/battery.c
CC ui/helper.c
CC ui/inputbox.c
CC ui/main.c
CC ui/menu.c
CC ui/scanner.c
CC ui/status.c
CC ui/ui.c
CC ui/welcome.c
CC version.c
CC main.c
CC driver/aes.c
CC driver/crc.c
CC driver/uart.c
CC app/uart.c
CC app/messenger.c
CC app/pocsag_encode.c
CC ui/messenger.c
AS start.S
LD _build/cfw_joaquimorg_oefw_V0.3.6.out
/usr/lib/gcc/arm-none-eabi/14.2.0/../../../../arm-none-eabi/bin/ld: /usr/lib/gcc/arm-none-eabi/14.2.0/../../../../arm-none-eabi/lib/libc.a(libc_a-exit.o): in function `exit':
/build/arm-none-eabi-newlib/src/build-newlib/arm-none-eabi/newlib/../../../newlib-4.5.0.20241231/newlib/libc/stdlib/exit.c:65:(.text.exit+0x28): undefined reference to `_exit'
/usr/lib/gcc/arm-none-eabi/14.2.0/../../../../arm-none-eabi/bin/ld: /usr/lib/gcc/arm-none-eabi/14.2.0/../../../../arm-none-eabi/lib/crt0.o: in function `_mainCRTStartup':
(.text+0x10c): undefined reference to `main'
/usr/lib/gcc/arm-none-eabi/14.2.0/../../../../arm-none-eabi/bin/ld: /tmp/cc2Yp6dd.ltrans0.ltrans.o: in function `DATA_Init':
<artificial>:(.text+0x1550): undefined reference to `sram_data_end'
/usr/lib/gcc/arm-none-eabi/14.2.0/../../../../arm-none-eabi/bin/ld: <artificial>:(.text+0x1554): undefined reference to `sram_data_start'
/usr/lib/gcc/arm-none-eabi/14.2.0/../../../../arm-none-eabi/bin/ld: <artificial>:(.text+0x1558): undefined reference to `flash_data_start'
/usr/lib/gcc/arm-none-eabi/14.2.0/../../../../arm-none-eabi/bin/ld: /usr/lib/gcc/arm-none-eabi/14.2.0/../../../../arm-none-eabi/lib/libc.a(libc_a-closer.o): in function `_close_r':
/build/arm-none-eabi-newlib/src/build-newlib/arm-none-eabi/newlib/../../../newlib-4.5.0.20241231/newlib/libc/reent/closer.c:47:(.text._close_r+0x18): undefined reference to `_close'
/usr/lib/gcc/arm-none-eabi/14.2.0/../../../../arm-none-eabi/bin/ld: /usr/lib/gcc/arm-none-eabi/14.2.0/../../../../arm-none-eabi/lib/libc.a(libc_a-lseekr.o): in function `_lseek_r':
/build/arm-none-eabi-newlib/src/build-newlib/arm-none-eabi/newlib/../../../newlib-4.5.0.20241231/newlib/libc/reent/lseekr.c:49:(.text._lseek_r+0x24): undefined reference to `_lseek'
/usr/lib/gcc/arm-none-eabi/14.2.0/../../../../arm-none-eabi/bin/ld: /usr/lib/gcc/arm-none-eabi/14.2.0/../../../../arm-none-eabi/lib/libc.a(libc_a-readr.o): in function `_read_r':
/build/arm-none-eabi-newlib/src/build-newlib/arm-none-eabi/newlib/../../../newlib-4.5.0.20241231/newlib/libc/reent/readr.c:49:(.text._read_r+0x24): undefined reference to `_read'
/usr/lib/gcc/arm-none-eabi/14.2.0/../../../../arm-none-eabi/bin/ld: /usr/lib/gcc/arm-none-eabi/14.2.0/../../../../arm-none-eabi/lib/libc.a(libc_a-writer.o): in function `_write_r':
/build/arm-none-eabi-newlib/src/build-newlib/arm-none-eabi/newlib/../../../newlib-4.5.0.20241231/newlib/libc/reent/writer.c:49:(.text._write_r+0x24): undefined reference to `_write'
/usr/lib/gcc/arm-none-eabi/14.2.0/../../../../arm-none-eabi/bin/ld: /usr/lib/gcc/arm-none-eabi/14.2.0/../../../../arm-none-eabi/lib/libc.a(libc_a-sbrkr.o): in function `_sbrk_r':
/build/arm-none-eabi-newlib/src/build-newlib/arm-none-eabi/newlib/../../../newlib-4.5.0.20241231/newlib/libc/reent/sbrkr.c:51:(.text._sbrk_r+0x18): undefined reference to `_sbrk'
collect2: error: ld returned 1 exit status
make: *** [Makefile:493: _build/cfw_joaquimorg_oefw_V0.3.6.out] Error 1
