CC external/printf/printf.c
CC init.c
CC driver/adc.c
CC driver/backlight.c
CC driver/bk4819.c
CC driver/eeprom.c
CC driver/gpio.c
CC driver/i2c.c
CC driver/keyboard.c
CC driver/spi.c
CC driver/st7565.c
CC driver/system.c
CC driver/systick.c
CC app/action.c
CC app/app.c
CC app/chFrScanner.c
CC app/common.c
CC app/dtmf.c
CC app/generic.c
CC app/main.c
CC app/menu.c
CC app/scanner.c
CC audio.c
CC bitmaps.c
CC board.c
CC dcs.c
CC font.c
CC frequencies.c
CC functions.c
CC helper/battery.c
CC helper/boot.c
CC misc.c
CC radio.c
CC scheduler.c
CC settings.c
CC ui/battery.c
CC ui/helper.c
CC ui/inputbox.c
CC ui/main.c
CC ui/menu.c
CC ui/scanner.c
CC ui/status.c
CC ui/ui.c
CC ui/welcome.c
CC version.c
CC main.c
CC driver/crc.c
CC app/aircopy.c
CC app/messenger.c
app/messenger.c: In function 'MSG_StorePacket':
app/messenger.c:691:41: error: implicit declaration of function 'UART_printf' [-Wimplicit-function-declaration]
  691 |                                         UART_printf("SVC<RCPT\n");
      |                                         ^~~~~~~~~~~
make: *** [Makefile:487: _build/app/messenger.o] Error 1
