CC external/printf/printf.c
CC init.c
CC driver/adc.c
CC driver/backlight.c
CC driver/bk4819.c
CC driver/eeprom.c
CC driver/gpio.c
CC driver/i2c.c
CC driver/keyboard.c
CC driver/spi.c
CC driver/st7565.c
CC driver/system.c
CC driver/systick.c
CC app/action.c
CC app/app.c
CC app/chFrScanner.c
CC app/common.c
CC app/dtmf.c
CC app/generic.c
CC app/main.c
CC app/menu.c
CC app/scanner.c
CC audio.c
CC bitmaps.c
CC board.c
CC dcs.c
CC font.c
CC frequencies.c
CC functions.c
CC helper/battery.c
CC helper/boot.c
CC misc.c
CC radio.c
CC scheduler.c
CC settings.c
CC ui/battery.c
CC ui/helper.c
CC ui/inputbox.c
CC ui/main.c
CC ui/menu.c
CC ui/scanner.c
CC ui/status.c
CC ui/ui.c
CC ui/welcome.c
CC version.c
CC main.c
CC driver/aes.c
CC driver/crc.c
CC driver/uart.c
CC app/aircopy.c
CC app/uart.c
CC app/messenger.c
CC app/pocsag_encode.c
CC ui/aircopy.c
CC ui/messenger.c
AS start.S
LD _build/cfw_joaquimorg_oefw_V0.3.6.out
Memory region         Used Size  Region Size  %age Used
           FLASH:       52180 B        60 KB     84.93%
             RAM:        2956 B        16 KB     18.04%
Create cfw_joaquimorg_oefw_V0.3.6.out
Create cfw_joaquimorg_oefw_V0.3.6.packed.bin
